     1                                  global _start                                               ; делаем метку _start видимой извне
     2                                  
     3                                  section .data                                               ; секция данных
     4 00000000 48656C6C6F2120486F-         message db "Hello! How are you?",10                       ; строка для вывода на консоль
     4 00000009 772061726520796F75-
     4 00000012 3F0A               
     5                                      length equ $ - message
     6                                  
     7 00000014 577269746520666169-         error_msg db "Write failed!",10                         ; сообщение об ошибке
     7 0000001D 6C6564210A         
     8                                      error_len equ $ - error_msg
     9                                  
    10                                  section .text                                   ; объявление секции кода
    11                                  _start:                                         ; точка входа в программу
    12 00000000 B801000000                  mov rax, 1                                  ; 1 - номер системного вызова функции write
    13 00000005 BF01000000                  mov rdi, 1                                  ; 1 - дескриптор файла стандартного вызова stdout
    14 0000000A 48BE-                       mov rsi, message                            ; адрес строки для вывода
    14 0000000C [0000000000000000] 
    15 00000014 BA14000000                  mov rdx, length                             ; количество байтов
    16 00000019 0F05                        syscall                                     ; выполняем системный вызов write
    17                                      
    18 0000001B 4883F800                    cmp rax, 0                                  ; сравниваем результат с 0
    19 0000001F 7C0C                        jl write_failed                             ; если отрицательное - ошибка
    20                                  
    21                                      ; Успешное завершение
    22 00000021 B83C000000                  mov rax, 60                                 ; 60 - номер системного вызова exit
    23 00000026 BF00000000                  mov rdi, 0                                  ; код возврата 0 - всё норм
    24 0000002B 0F05                        syscall                                     ; выполняем системный вызов exit
    25                                  
    26                                  write_failed:
    27 0000002D B801000000                  mov rax, 1                                  ; sys_write
    28 00000032 BF02000000                  mov rdi, 2                                  ; stderr
    29 00000037 48BE-                       mov rsi, error_msg
    29 00000039 [1400000000000000] 
    30 00000041 BA0E000000                  mov rdx, error_len
    31 00000046 0F05                        syscall
    32                                      
    33 00000048 B83C000000                  mov rax, 60                                 ; sys_exit
    34 0000004D BF01000000                  mov rdi, 1                                  ; код возврата 1 - ошибка
    35 00000052 0F05                        syscall
